<?xml version="1.0" encoding="UTF-8"?>
<testsuite xmlns:xsi="http://www.w3.org/2001/XMLSchema-instance" xsi:noNamespaceSchemaLocation="https://maven.apache.org/surefire/maven-surefire-plugin/xsd/surefire-test-report-3.0.xsd" version="3.0" name="com.countatic.core.service.MatchAnalysisServiceTest" time="2.84" tests="1" errors="0" skipped="0" failures="0">
  <properties>
[...]
</properties>
  <testcase name="shouldProcessDemoConvertAndRunStrategies" classname="com.countatic.core.service.MatchAnalysisServiceTest" time="0.524">
    <system-out><![CDATA[2026-08-09T10:19:57.670-03:00  INFO 11212 --- [countatic-core-backend-test] [           main] t.c.s.AnnotationConfigContextLoaderUtils : Could not detect default configuration classes for test class [com.countatic.core.service.MatchAnalysisServiceTest]: MatchAnalysisServiceTest does not declare any static, non-private, non-final, nested classes annotated with @Configuration.
2026-08-09T10:19:57.711-03:00  INFO 11212 --- [countatic-core-backend-test] [           main] .b.t.c.SpringBootTestContextBootstrapper : Found @SpringBootConfiguration com.countatic.core.CoreBackendApplication for test class com.countatic.core.service.MatchAnalysisServiceTest

  .   ____          _            __ _ _
 /\\ / ___'_ __ _ _(_)_ __  __ _ \ \ \ \
( ( )\___ | '_ | '_| | '_ \/ _` | \ \ \ \
 \\/  ___)| |_)| | | | | || (_| |  ) ) ) )
  '  |____| .__|_| |_|_| |_\__, | / / / /
 =========|_|==============|___/=/_/_/_/

 :: Spring Boot ::                (v3.3.2)

2026-08-09T10:19:57.779-03:00  INFO 11212 --- [countatic-core-backend-test] [           main] c.c.c.service.MatchAnalysisServiceTest   : Starting MatchAnalysisServiceTest using Java 23.0.1 with PID 11212 (started by jgcre in C:\TRABALHOS\Projeto CounTatic\CounTatics\core-backend)
2026-08-09T10:19:57.781-03:00 DEBUG 11212 --- [countatic-core-backend-test] [           main] c.c.c.service.MatchAnalysisServiceTest   : Running with Spring Boot v3.3.2, Spring v6.1.11
2026-08-09T10:19:57.781-03:00  INFO 11212 --- [countatic-core-backend-test] [           main] c.c.c.service.MatchAnalysisServiceTest   : The following 1 profile is active: "test"
2026-08-09T10:19:58.434-03:00  INFO 11212 --- [countatic-core-backend-test] [           main] .s.d.r.c.RepositoryConfigurationDelegate : Bootstrapping Spring Data JPA repositories in DEFAULT mode.
2026-08-09T10:19:58.468-03:00  INFO 11212 --- [countatic-core-backend-test] [           main] .s.d.r.c.RepositoryConfigurationDelegate : Finished Spring Data repository scanning in 33 ms. Found 5 JPA repository interfaces.
2026-08-09T10:19:58.661-03:00  INFO 11212 --- [countatic-core-backend-test] [           main] o.hibernate.jpa.internal.util.LogHelper  : HHH000204: Processing PersistenceUnitInfo [name: default]
2026-08-09T10:19:58.670-03:00  INFO 11212 --- [countatic-core-backend-test] [           main] o.h.c.internal.RegionFactoryInitiator    : HHH000026: Second-level cache disabled
2026-08-09T10:19:58.689-03:00  INFO 11212 --- [countatic-core-backend-test] [           main] o.s.o.j.p.SpringPersistenceUnitInfo      : No LoadTimeWeaver setup: ignoring JPA class transformer
2026-08-09T10:19:58.695-03:00  INFO 11212 --- [countatic-core-backend-test] [           main] com.zaxxer.hikari.HikariDataSource       : HikariPool-2 - Starting...
2026-08-09T10:19:58.695-03:00  INFO 11212 --- [countatic-core-backend-test] [           main] com.zaxxer.hikari.pool.HikariPool        : HikariPool-2 - Added connection conn10: url=jdbc:h2:mem:countatic_testdb user=SA
2026-08-09T10:19:58.695-03:00  INFO 11212 --- [countatic-core-backend-test] [           main] com.zaxxer.hikari.HikariDataSource       : HikariPool-2 - Start completed.
2026-08-09T10:19:58.695-03:00  WARN 11212 --- [countatic-core-backend-test] [           main] org.hibernate.dialect.Dialect            : HHH000511: The 2.2.224 version for [org.hibernate.dialect.MySQLDialect] is no longer supported, hence certain features may not work properly. The minimum supported version is 8.0.0. Check the community dialects project for available legacy versions.
2026-08-09T10:19:58.695-03:00  WARN 11212 --- [countatic-core-backend-test] [           main] org.hibernate.orm.deprecation            : HHH90000025: MySQLDialect does not need to be specified explicitly using 'hibernate.dialect' (remove the property setting and it will be selected by default)
2026-08-09T10:19:58.917-03:00  INFO 11212 --- [countatic-core-backend-test] [           main] o.h.e.t.j.p.i.JtaPlatformInitiator       : HHH000489: No JTA platform available (set 'hibernate.transaction.jta.platform' to enable JTA platform integration)
2026-08-09T10:19:58.960-03:00  INFO 11212 --- [countatic-core-backend-test] [           main] j.LocalContainerEntityManagerFactoryBean : Initialized JPA EntityManagerFactory for persistence unit 'default'
2026-08-09T10:19:59.261-03:00  INFO 11212 --- [countatic-core-backend-test] [           main] c.c.core.service.MatchAnalysisService    : MatchAnalysisService inicializado com 3 strategies: Aim, Impacto, Utility
2026-08-09T10:19:59.964-03:00  INFO 11212 --- [countatic-core-backend-test] [           main] o.s.b.a.e.web.EndpointLinksResolver      : Exposing 3 endpoints beneath base path '/actuator'
2026-08-09T10:19:59.984-03:00  INFO 11212 --- [countatic-core-backend-test] [           main] c.c.c.service.MatchAnalysisServiceTest   : Started MatchAnalysisServiceTest in 2.266 seconds (process running for 15.823)
2026-08-09T10:20:00.040-03:00  INFO 11212 --- [countatic-core-backend-test] [           main] c.c.core.service.MatchAnalysisService    : Iniciando processamento da demo: test_match.dem (hash: sha256_mock_hash_123456)
2026-08-09T10:20:00.291-03:00 DEBUG 11212 --- [countatic-core-backend-test] [           main] c.c.core.service.MatchAnalysisService    : Match convertida: mapa=de_mirage, rounds=24
2026-08-09T10:20:00.298-03:00 DEBUG 11212 --- [countatic-core-backend-test] [           main] c.c.core.service.MatchAnalysisService    : Match salva com ID=1
2026-08-09T10:20:00.298-03:00 DEBUG 11212 --- [countatic-core-backend-test] [           main] c.c.core.service.MatchAnalysisService    : Jogadores encontrados na partida: 2
2026-08-09T10:20:00.298-03:00 DEBUG 11212 --- [countatic-core-backend-test] [           main] c.c.core.service.MatchAnalysisService    : Aplicando strategy 'Aim' para jogador 'Fallen'
2026-08-09T10:20:00.298-03:00 DEBUG 11212 --- [countatic-core-backend-test] [           main] c.c.core.strategy.impl.AimStatStrategy   : Calculando métricas de Aim para jogador 76561198012345678 na partida 1
2026-08-09T10:20:00.301-03:00  INFO 11212 --- [countatic-core-backend-test] [           main] c.c.core.strategy.impl.AimStatStrategy   : Aim stats calculados para Fallen: HS%=100.0, KPR=0.04, K/D=1.0
2026-08-09T10:20:00.301-03:00 DEBUG 11212 --- [countatic-core-backend-test] [           main] c.c.core.service.MatchAnalysisService    : Aplicando strategy 'Impacto' para jogador 'Fallen'
2026-08-09T10:20:00.301-03:00 DEBUG 11212 --- [countatic-core-backend-test] [           main] c.c.core.service.MatchAnalysisService    : Aplicando strategy 'Utility' para jogador 'Fallen'
2026-08-09T10:20:00.301-03:00 DEBUG 11212 --- [countatic-core-backend-test] [           main] c.c.c.strategy.impl.UtilityStatStrategy  : Calculando métricas de Utility para jogador 76561198012345678 na partida 1
2026-08-09T10:20:00.307-03:00  INFO 11212 --- [countatic-core-backend-test] [           main] c.c.c.strategy.impl.UtilityStatStrategy  : Utility stats calculados para Fallen: flashEff=0.0, utilDmg/R=0.0
2026-08-09T10:20:00.307-03:00 DEBUG 11212 --- [countatic-core-backend-test] [           main] c.c.core.service.MatchAnalysisService    : Aplicando strategy 'Aim' para jogador 'Simple'
2026-08-09T10:20:00.307-03:00 DEBUG 11212 --- [countatic-core-backend-test] [           main] c.c.core.strategy.impl.AimStatStrategy   : Calculando métricas de Aim para jogador 76561198087654321 na partida 1
2026-08-09T10:20:00.307-03:00  INFO 11212 --- [countatic-core-backend-test] [           main] c.c.core.strategy.impl.AimStatStrategy   : Aim stats calculados para Simple: HS%=0.0, KPR=0.0, K/D=0.0
2026-08-09T10:20:00.307-03:00 DEBUG 11212 --- [countatic-core-backend-test] [           main] c.c.core.service.MatchAnalysisService    : Aplicando strategy 'Impacto' para jogador 'Simple'
2026-08-09T10:20:00.307-03:00 DEBUG 11212 --- [countatic-core-backend-test] [           main] c.c.core.service.MatchAnalysisService    : Aplicando strategy 'Utility' para jogador 'Simple'
2026-08-09T10:20:00.307-03:00 DEBUG 11212 --- [countatic-core-backend-test] [           main] c.c.c.strategy.impl.UtilityStatStrategy  : Calculando métricas de Utility para jogador 76561198087654321 na partida 1
2026-08-09T10:20:00.307-03:00  INFO 11212 --- [countatic-core-backend-test] [           main] c.c.c.strategy.impl.UtilityStatStrategy  : Utility stats calculados para Simple: flashEff=0.0, utilDmg/R=0.0
2026-08-09T10:20:00.316-03:00  INFO 11212 --- [countatic-core-backend-test] [           main] c.c.core.service.MatchAnalysisService    : Processamento concluído para match ID=1. 6 métricas geradas para 2 jogadores.
]]></system-out>
  </testcase>
</testsuite>